      time     memory       swap
1493875947     514904       3648
1493875948     514532       3648
1493875949     514896       3648
1493875950     515036       3648
1493875951     515208       3648
1493875952     515124       3648
1493875953     514232       3648
1493875954     514576       3648
1493875955     514940       3648
1493875956     515076       3648
1493875957     514980       3648
1493875958     515152       3648
1493875959     514388       3648
1493875960     515420       3648
1493875961     514628       3648
1493875962     514948       3648
1493875963     515176       3648
1493875964     514780       3648
1493875965     514560       3648
1493875966     514276       3648
1493875967     514412       3648
1493875968     514420       3648
1493875969     514808       3648
1493875970     514892       3648
1493875971     514644       3648
1493875972     514956       3648
1493875973     515008       3648
1493875974     514712       3648
1493875975     515352       3648
1493875976     514864       3648
1493875977     515004       3648
1493875978     515228       3648
1493875979     514424       3648
1493875980     514400       3648
1493875981     514356       3648
1493875982     514048       3648
1493875983     514484       3648
1493875984     514808       3648
1493875985     514436       3648
1493875986     514748       3648
1493875987     514920       3648
1493875988     514852       3648
1493875989     514540       3648
1493875990     514712       3648
1493875991     514168       3648
1493875992     514284       3648
1493875993     514456       3648
1493875994     514688       3648
1493875995     515012       3648
1493875996     514740       3648
1493875997     514784       3648
1493875998     514756       3648
1493875999     514988       3648
1493876000     514320       3648
1493876001     514636       3648
1493876002     514512       3648
1493876003     514520       3648
1493876004     514252       3648
1493876005     514548       3648
1493876006     513916       3648
1493876007     514396       3648
1493876008     514168       3648
1493876009     514200       3648
1493876010     514260       3648
1493876011     514540       3648
1493876012     514540       3648
1493876013     514536       3648
1493876014     514336       3648
1493876015     514476       3648
1493876016     514520       3648
1493876017     514240       3648
1493876018     514232       3648
1493876019     514668       3648
1493876021     514612       3648
1493876022     513988       3648
1493876023     514440       3648
1493876024     514328       3648
1493876025     514132       3648
1493876026     514684       3648
1493876027     514136       3648
1493876028     514168       3648
1493876029     514600       3648
1493876030     514536       3648
1493876031     514368       3648
1493876032     514608       3648
1493876033     514856       3648
1493876034     514232       3648
1493876035     514340       3648
1493876036     514400       3648
1493876037     514340       3648
1493876038     514600       3648
1493876039     514376       3648
1493876040     514292       3648
1493876041     514264       3648
1493876042     514544       3648
1493876043     514700       3648
1493876044     514328       3648
1493876045     514004       3648
1493876046     514480       3648
1493876047     515132       3648
1493876048     514428       3648
1493876049     514624       3648
1493876050     514500       3648
1493876051     514140       3648
1493876052     514884       3648
1493876053     514220       3648
1493876054     514296       3648
1493876055     514136       3648
1493876056     514620       3648
1493876057     514572       3648
1493876058     514880       3648
1493876059     515048       3648
1493876060     514840       3648
1493876061     514948       3648
1493876062     514788       3648
1493876063     514832       3648
1493876064     514956       3648
1493876065     514500       3648
1493876066     514484       3648
1493876067     514452       3648
1493876068     514452       3648
1493876069     514072       3648
1493876070     514464       3648
1493876071     514612       3648
1493876072     514516       3648
1493876073     514624       3648
1493876074     514772       3648
1493876075     514508       3648
1493876076     514732       3648
1493876077     514780       3648
1493876078     513912       3648
1493876079     514332       3648
1493876080     514400       3648
1493876081     513996       3648
1493876082     514204       3648
1493876083     514640       3648
1493876084     514076       3648
1493876085     514340       3648
1493876086     514468       3648
1493876087     514252       3648
1493876088     514512       3648
1493876089     514852       3648
1493876090     514604       3648
1493876091     514168       3648
1493876092     514448       3648
1493876093     513844       3648
1493876094     514240       3648
1493876095     514612       3648
1493876096     514196       3648
1493876097     514056       3648
1493876098     514140       3648
1493876099     514240       3648
1493876100     514412       3648
1493876101     514396       3648
1493876102     514224       3648
1493876103     513748       3648
1493876104     514020       3648
1493876105     514648       3648
1493876106     514176       3648
1493876107     513992       3648
1493876108     514000       3648
1493876109     514152       3648
1493876110     513936       3648
1493876111     514136       3648
1493876112     514280       3648
1493876113     514384       3648
1493876114     514732       3648
1493876115     514424       3648
1493876116     514192       3648
1493876117     514208       3648
1493876118     514112       3648
1493876119     513812       3648
1493876120     513992       3648
1493876121     514196       3648
1493876122     513372       3648
1493876123     513756       3648
1493876124     514128       3648
1493876125     514052       3648
1493876126     514152       3648
1493876127     514336       3648
1493876128     514324       3648
1493876129     514492       3648
1493876130     514688       3648
1493876131     513960       3648
1493876132     514440       3648
1493876133     514320       3648
1493876134     513824       3648
1493876135     514348       3648
1493876136     514492       3648
1493876137     513868       3648
1493876138     514284       3648
1493876139     514060       3648
1493876140     514272       3648
1493876141     514488       3648
1493876142     514580       3648
1493876143     514072       3648
1493876144     513848       3648
1493876145     514144       3648
1493876146     514264       3648
1493876147     514140       3648
1493876148     513968       3648
1493876150     514144       3648
1493876151     514196       3648
1493876152     514164       3648
1493876153     514412       3648
1493876154     514304       3648
1493876155     514144       3648
1493876156     513832       3648
1493876157     514388       3648
1493876158     514012       3648
1493876159     514172       3648
1493876160     513620       3648
1493876161     513836       3648
1493876162     514136       3648
1493876163     514252       3648
1493876164     514732       3648
1493876165     513972       3648
1493876166     513856       3648
1493876167     514464       3648
1493876168     513860       3648
1493876169     513900       3648
1493876170     514304       3648
1493876171     513852       3648
1493876172     514288       3648
1493876173     514336       3648
1493876174     513920       3648
1493876175     514044       3648
1493876176     514024       3648
1493876177     513920       3648
1493876178     514000       3648
1493876179     513964       3648
1493876180     514084       3648
1493876181     514320       3648
1493876182     513964       3648
1493876183     514364       3648
1493876184     514036       3648
1493876185     513860       3648
1493876186     513784       3648
1493876187     514252       3648
1493876188     513648       3648
1493876189     513844       3648
1493876190     513692       3648
1493876191     514064       3648
1493876192     513940       3648
1493876193     514220       3648
1493876194     513968       3648
1493876195     514124       3648
1493876196     514292       3648
1493876197     513640       3648
1493876198     513812       3648
1493876199     513940       3648
1493876200     514080       3648
1493876201     513656       3648
1493876202     513812       3648
1493876203     514092       3648
1493876204     514232       3648
1493876205     514308       3648
1493876206     514380       3648
1493876207     513916       3648
1493876208     513948       3648
1493876209     513996       3648
1493876210     513836       3648
1493876211     514316       3648
1493876212     514136       3648
1493876213     514408       3648
1493876214     514276       3648
1493876215     514152       3648
1493876216     512152       3648
1493876217     512524       3648
1493876218     511980       3648
1493876219     512296       3648
1493876220     512048       3648
1493876221     512548       3648
1493876222     511924       3648
1493876223     512128       3648
1493876224     512088       3648
1493876225     511864       3648
1493876226     511608       3648
1493876227     511572       3648
1493876228     511572       3648
1493876229     511868       3648
1493876230     511616       3648
1493876231     511960       3648
1493876232     511912       3648
1493876233     512032       3648
1493876234     512268       3648
1493876235     512100       3648
1493876236     511916       3648
1493876237     512268       3648
1493876238     511928       3648
1493876239     511364       3648
1493876240     511472       3648
1493876241     512132       3648
1493876242     511748       3648
1493876243     511936       3648
1493876244     512276       3648
1493876245     512400       3648
1493876246     512296       3648
1493876247     512668       3648
1493876248     511996       3648
1493876249     512012       3648
1493876250     512368       3648
1493876251     511784       3648
1493876252     511904       3648
1493876253     511888       3648
1493876254     511672       3648
1493876255     512128       3648
1493876256     512532       3648
1493876257     512260       3648
1493876258     512256       3648
1493876259     512312       3648
1493876260     512132       3648
1493876261     512176       3648
1493876262     512648       3648
1493876263     512368       3648
1493876264     512368       3648
1493876265     512220       3648
1493876266     511700       3648
1493876267     512204       3648
1493876268     512204       3648
1493876269     512184       3648
1493876270     511820       3648
1493876271     511820       3648
1493876272     511912       3648
1493876273     511928       3648
1493876274     511936       3648
1493876275     512288       3648
1493876276     512176       3648
1493876277     512300       3648
1493876278     511936       3648
1493876280     511904       3648
1493876281     511408       3648
1493876282     512116       3648
1493876283     511828       3648
1493876284     511868       3648
1493876285     512052       3648
1493876286     511960       3648
1493876287     512324       3648
1493876288     512484       3648
1493876289     512004       3648
1493876290     512412       3648
1493876291     512380       3648
1493876292     512156       3648
1493876293     512056       3648
1493876294     511940       3648
1493876295     513064       3648
1493876296     512700       3648
1493876297     512164       3648
1493876298     512856       3648
1493876299     512076       3648
1493876300     513212       3648
1493876301     512652       3648
1493876302     513040       3648
1493876303     512852       3648
1493876304     514744       3648
1493876305     514740       3648
1493876306     513824       3648
1493876307     514216       3648
1493876308     513924       3648
1493876309     514088       3648
1493876310     515040       3648
1493876311     514444       3648
1493876312     513804       3648
1493876313     514556       3648
1493876314     513800       3648
1493876315     513904       3648
1493876316     514600       3648
1493876317     514104       3648
1493876318     514388       3648
1493876319     514776       3648
1493876320     514808       3648
1493876321     514696       3648
1493876322     514688       3648
1493876323     514376       3648
1493876324     514016       3648
1493876325     514320       3648
1493876326     514576       3648
1493876327     514820       3648
1493876328     514592       3648
1493876329     514820       3648
1493876330     514976       3648
1493876331     514928       3648
1493876332     514968       3648
1493876333     514728       3648
1493876334     514284       3648
1493876335     513900       3648
1493876336     514164       3648
1493876337     514492       3648
1493876338     513840       3648
1493876339     514008       3648
1493876340     514568       3648
1493876341     514420       3648
1493876342     514096       3648
1493876343     514756       3648
1493876344     514816       3648
1493876345     514832       3648
1493876346     514708       3648
1493876347     514384       3648
1493876348     514616       3648
1493876349     514844       3648
1493876350     515464       3648
1493876351     515392       3648
1493876352     514888       3648
1493876353     514780       3648
1493876354     514480       3648
1493876355     514340       3648
1493876356     514340       3648
1493876357     514092       3648
1493876358     514556       3648
1493876359     514108       3648
1493876360     514580       3648
1493876361     514132       3648
1493876362     514276       3648
1493876363     514208       3648
1493876364     514348       3648
1493876365     514092       3648
1493876366     514336       3648
1493876367     513996       3648
1493876368     514396       3648
1493876369     514240       3648
1493876370     514320       3648
1493876371     514204       3648
1493876372     514212       3648
1493876373     514448       3648
1493876374     514464       3648
1493876375     514052       3648
1493876376     514264       3648
1493876377     514880       3648
1493876378     514248       3648
1493876379     514096       3648
1493876380     513848       3648
1493876381     513848       3648
1493876382     513940       3648
1493876383     514144       3648
1493876384     514248       3648
1493876385     513968       3648
1493876386     513764       3648
1493876387     513756       3648
1493876388     513968       3648
1493876389     514348       3648
1493876390     514152       3648
1493876391     514368       3648
1493876392     514508       3648
1493876394     514160       3648
1493876395     513572       3648
1493876396     513604       3648
1493876397     513556       3648
1493876398     513964       3648
1493876399     513764       3648
1493876400     513904       3648
1493876401     513792       3648
1493876402     513692       3648
1493876403     513392       3648
1493876404     514096       3648
1493876405     514280       3648
1493876406     514052       3648
1493876407     514100       3648
1493876408     514164       3648
1493876409     514320       3648
1493876410     513908       3648
1493876411     513716       3648
1493876412     513872       3648
1493876413     513852       3648
1493876414     513720       3648
1493876415     514032       3648
1493876416     514016       3648
1493876417     513940       3648
1493876418     513928       3648
1493876419     514220       3648
1493876420     514008       3648
1493876421     514144       3648
1493876422     514216       3648
1493876423     514492       3648
1493876424     514684       3648
1493876425     514864       3648
1493876426     514784       3648
1493876427     514480       3648
1493876428     514448       3648
1493876429     514924       3648
1493876430     514200       3648
1493876431     514288       3648
1493876432     514612       3648
1493876433     514932       3648
1493876434     514516       3648
1493876435     514628       3648
1493876436     514784       3648
1493876437     514624       3648
1493876438     514696       3648
1493876439     514192       3648
1493876440     514872       3648
1493876441     515532       3648
1493876442     514392       3648
1493876443     514680       3648
1493876444     514584       3648
1493876445     514644       3648
1493876446     514348       3648
1493876447     514480       3648
1493876448     513788       3648
1493876449     514160       3648
1493876450     514284       3648
1493876451     514152       3648
1493876452     513648       3648
1493876453     513956       3648
1493876454     514116       3648
1493876455     514320       3648
1493876456     514684       3648
1493876457     513892       3648
1493876458     513972       3648
1493876459     513748       3648
1493876460     514396       3648
1493876461     513924       3648
1493876462     513844       3648
1493876463     514000       3648
1493876464     513888       3648
1493876465     513992       3648
1493876466     513480       3648
1493876467     513688       3648
1493876468     514076       3648
1493876469     513612       3648
1493876470     513860       3648
1493876471     514216       3648
1493876472     513844       3648
1493876473     513960       3648
1493876474     514396       3648
1493876475     513888       3648
1493876476     513812       3648
1493876477     513708       3648
1493876478     513676       3648
1493876479     513940       3648
1493876480     513928       3648
1493876481     514344       3648
1493876482     513896       3648
1493876483     514664       3648
1493876484     514904       3648
1493876485     514712       3648
1493876486     514544       3648
1493876487     514172       3648
1493876488     513984       3648
1493876489     513776       3648
1493876490     513984       3648
1493876491     513616       3648
1493876492     513616       3648
1493876493     513988       3648
1493876494     513784       3648
1493876495     513500       3648
1493876496     513776       3648
1493876497     513636       3648
1493876498     514004       3648
1493876499     514116       3648
1493876500     514256       3648
1493876501     514412       3648
1493876502     513868       3648
1493876503     513852       3648
1493876504     513596       3648
1493876505     513652       3648
1493876506     514032       3648
1493876507     513656       3648
1493876508     513732       3648
1493876509     514140       3648
1493876510     513800       3648
1493876511     514096       3648
1493876512     514104       3648
1493876513     513592       3648
1493876514     513828       3648
1493876515     513904       3648
1493876516     513492       3648
1493876517     513772       3648
1493876518     514244       3648
1493876520     513820       3648
1493876521     513836       3648
1493876522     514396       3648
1493876523     513868       3648
1493876524     513652       3648
1493876525     514320       3648
1493876526     514116       3648
1493876527     513936       3648
1493876528     513960       3648
1493876529     514736       3648
1493876530     514612       3648
1493876531     514052       3648
1493876532     514392       3648
1493876533     514748       3648
1493876534     513816       3648
1493876535     513980       3648
1493876536     514452       3648
1493876537     514608       3648
1493876538     514500       3648
1493876539     513664       3648
1493876540     513700       3648
1493876541     513412       3648
1493876542     514456       3648
1493876543     513952       3648
1493876544     514316       3648
1493876545     514444       3648
1493876546     514348       3648
1493876547     514232       3648
1493876548     514160       3648
1493876549     514580       3648
1493876550     514716       3648
1493876551     513800       3648
1493876552     513828       3648
1493876553     513936       3648
1493876554     513932       3648
1493876555     514156       3648
1493876556     514280       3648
1493876557     514496       3648
1493876558     513780       3648
1493876559     514228       3648
1493876560     514644       3648
1493876561     513968       3648
1493876562     514076       3648
1493876563     514260       3648
1493876564     514476       3648
1493876565     514308       3648
1493876566     514312       3648
1493876567     513860       3648
1493876568     513832       3648
1493876569     513756       3648
1493876570     513664       3648
1493876571     513940       3648
1493876572     513956       3648
1493876573     514060       3648
1493876574     514320       3648
1493876575     514092       3648
1493876576     513836       3648
1493876577     513620       3648
1493876578     513868       3648
1493876579     514160       3648
1493876580     513676       3648
1493876581     514428       3648
1493876582     514316       3648
1493876583     513996       3648
1493876584     514416       3648
1493876585     514324       3648
1493876586     513736       3648
1493876587     513816       3648
1493876588     514052       3648
1493876589     514652       3648
1493876590     514748       3648
1493876591     514680       3648
1493876592     514680       3648
1493876593     513856       3648
1493876594     514416       3648
1493876595     514264       3648
1493876596     514368       3648
1493876597     514472       3648
1493876598     514468       3648
1493876599     513772       3648
1493876600     514412       3648
1493876601     514392       3648
1493876602     514024       3648
1493876603     514068       3648
1493876604     514516       3648
1493876605     514988       3648
1493876606     514620       3648
1493876607     514192       3648
1493876608     514732       3648
1493876609     514484       3648
1493876610     514116       3648
1493876611     513892       3648
1493876612     514628       3648
1493876613     514552       3648
1493876614     514380       3648
1493876615     514332       3648
1493876616     514024       3648
1493876617     514016       3648
1493876618     514024       3648
1493876619     514016       3648
1493876620     514000       3648
1493876621     513916       3648
1493876622     513608       3648
1493876623     514136       3648
1493876624     513496       3648
1493876625     513832       3648
1493876626     514080       3648
1493876627     513984       3648
1493876628     513896       3648
1493876629     513972       3648
1493876630     513960       3648
1493876631     513828       3648
1493876632     513512       3648
1493876633     513536       3648
1493876634     513276       3648
1493876636     513876       3648
1493876637     513988       3648
1493876638     514444       3648
1493876639     514264       3648
1493876640     514140       3648
1493876641     513864       3648
1493876642     515268       3648
1493876643     514724       3648
1493876644     514976       3648
1493876645     514616       3648
1493876646     515156       3648
1493876647     514732       3648
1493876648     514316       3648
1493876649     514908       3648
1493876650     515000       3648
1493876651     514736       3648
1493876652     513708       3648
1493876653     513872       3648
1493876654     513472       3648
1493876655     513632       3648
1493876656     513864       3648
1493876657     513432       3648
1493876658     513700       3648
1493876659     513580       3648
1493876660     513704       3648
1493876661     513900       3648
1493876662     513744       3648
1493876663     514476       3648
1493876664     514408       3648
1493876665     513956       3648
1493876666     514560       3648
1493876667     514580       3648
1493876668     514184       3648
1493876669     514260       3648
1493876670     514160       3648
1493876671     514016       3648
1493876672     513728       3648
1493876673     513552       3648
1493876674     513500       3648
1493876675     513740       3648
1493876676     514056       3648
1493876677     513332       3648
1493876678     513892       3648
1493876679     514532       3648
1493876680     514036       3648
1493876681     513944       3648
1493876682     514324       3648
1493876683     514068       3648
1493876684     513840       3648
1493876685     513560       3648
1493876686     513740       3648
1493876687     513956       3648
1493876688     513612       3648
1493876689     514584       3648
1493876690     514796       3648
1493876691     514228       3648
1493876692     514164       3648
1493876693     513404       3648
1493876694     513436       3648
1493876695     514228       3648
1493876696     513748       3648
1493876697     514112       3648
1493876698     514032       3648
1493876699     513868       3648
1493876700     513676       3648
1493876701     513864       3648
1493876702     513536       3648
1493876703     513644       3648
1493876704     514276       3648
1493876705     514128       3648
1493876706     514136       3648
1493876707     513968       3648
1493876708     514036       3648
1493876709     514016       3648
1493876710     513816       3648
1493876711     513924       3648
1493876712     513692       3648
1493876713     513616       3648
1493876714     513740       3648
1493876715     513732       3648
1493876716     513684       3648
1493876717     513928       3648
1493876718     513940       3648
1493876719     513532       3648
1493876720     513952       3648
1493876721     514092       3648
1493876722     513576       3648
1493876723     513844       3648
1493876724     514296       3648
1493876725     514140       3648
1493876726     514116       3648
1493876727     514092       3648
1493876728     514212       3648
1493876729     514252       3648
1493876730     514344       3648
1493876731     513848       3648
1493876732     514420       3648
1493876733     514408       3648
1493876734     513868       3648
1493876735     513972       3648
1493876736     514080       3648
1493876737     514324       3648
1493876738     514192       3648
1493876739     514436       3648
1493876740     513420       3648
1493876741     514220       3648
1493876742     513992       3648
1493876743     513992       3648
1493876744     513844       3648
1493876745     513940       3648
1493876746     513764       3648
1493876747     514012       3648
1493876748     513888       3648
1493876749     513544       3648
1493876750     513612       3648
1493876751     513900       3648
1493876752     513652       3648
1493876753     513876       3648
1493876754     514060       3648
1493876755     513472       3648
1493876756     514204       3648
1493876757     514452       3648
1493876758     514080       3648
1493876759     514048       3648
1493876760     514192       3648
1493876761     513932       3648
1493876763     513560       3648
1493876764     513564       3648
1493876765     513844       3648
1493876766     514068       3648
1493876767     513712       3648
1493876768     513976       3648
1493876769     513724       3648
1493876770     513728       3648
1493876771     513964       3648
1493876772     514088       3648
1493876773     513948       3648
1493876774     514056       3648
1493876775     514088       3648
1493876776     513728       3648
1493876777     513740       3648
1493876778     514244       3648
1493876779     513884       3648
1493876780     513812       3648
1493876781     514220       3648
1493876782     513968       3648
1493876783     514032       3648
1493876784     513972       3648
1493876785     514688       3648
1493876786     514380       3648
1493876787     514532       3648
1493876788     514232       3648
1493876789     513972       3648
1493876790     514124       3648
1493876791     514484       3648
1493876792     514876       3648
1493876793     514304       3648
1493876794     514156       3648
1493876795     513884       3648
1493876796     514284       3648
1493876797     514164       3648
1493876798     514020       3648
1493876799     514404       3648
1493876800     514212       3648
1493876801     514000       3648
1493876802     513604       3648
1493876803     513640       3648
1493876804     513772       3648
1493876805     514112       3648
1493876806     513556       3648
1493876807     514032       3648
1493876808     513512       3648
1493876809     513852       3648
1493876810     513524       3648
1493876811     513608       3648
1493876812     513772       3648
1493876813     513792       3648
1493876814     514136       3648
1493876815     513652       3648
1493876816     511916       3648
1493876817     511984       3648
1493876818     512356       3648
1493876819     511888       3648
1493876820     511968       3648
1493876821     511384       3648
1493876822     511932       3648
1493876823     511744       3648
1493876824     511696       3648
1493876825     512164       3648
1493876826     511992       3648
1493876827     512272       3648
1493876828     511996       3648
1493876829     512412       3648
1493876830     511664       3648
1493876831     511916       3648
1493876832     511520       3648
1493876833     511884       3648
1493876834     512044       3648
1493876835     512036       3648
1493876836     511752       3648
1493876837     511500       3648
1493876838     511700       3648
1493876839     511064       3648
1493876840     511204       3648
1493876841     510980       3648
1493876842     511640       3648
1493876843     511368       3648
1493876844     512068       3648
1493876845     511528       3648
1493876846     511596       3648
1493876847     511640       3648
1493876848     511272       3648
1493876849     511676       3648
1493876850     512004       3648
1493876851     511640       3648
1493876852     511620       3648
1493876853     511616       3648
1493876854     511320       3648
1493876855     511524       3648
1493876856     511896       3648
1493876857     511624       3648
1493876858     511440       3648
1493876859     511816       3648
1493876860     511504       3648
1493876861     511604       3648
1493876862     511696       3648
1493876863     511788       3648
1493876864     511740       3648
1493876865     511208       3648
1493876866     511320       3648
1493876867     511632       3648
1493876868     511516       3648
1493876869     511568       3648
1493876870     511632       3648
1493876871     511912       3648
1493876872     511676       3648
1493876873     511988       3648
1493876874     511772       3648
1493876875     511692       3648
1493876876     512112       3648
1493876877     511508       3648
1493876878     511568       3648
1493876879     511988       3648
1493876880     511428       3648
1493876881     511752       3648
1493876882     511996       3648
1493876883     512088       3648
1493876884     512460       3648
1493876886     512072       3648
1493876887     512024       3648
1493876888     512540       3648
1493876889     512044       3648
1493876890     511696       3648
1493876891     511792       3648
1493876892     512232       3648
1493876893     512180       3648
1493876894     512180       3648
1493876895     511884       3648
1493876896     511936       3648
1493876897     512076       3648
1493876898     511812       3648
1493876899     512076       3648
1493876900     511976       3648
1493876901     511408       3648
1493876902     511480       3648
1493876903     511728       3648
1493876904     512100       3648
1493876905     512024       3648
1493876906     511992       3648
1493876907     511868       3648
1493876908     511884       3648
1493876909     512076       3648
1493876910     511428       3648
1493876911     511524       3648
1493876912     511804       3648
1493876913     511896       3648
1493876914     511804       3648
1493876915     511780       3648
1493876916     511888       3648
1493876917     511832       3648
1493876918     512080       3648
1493876919     511444       3648
1493876920     511708       3648
1493876921     512032       3648
1493876922     511708       3648
1493876923     511648       3648
1493876924     512160       3648
1493876925     511756       3648
1493876926     511456       3648
1493876927     511224       3648
1493876928     511524       3648
1493876929     511588       3648
1493876930     511620       3648
1493876931     511620       3648
1493876932     512008       3648
1493876933     511748       3648
1493876934     511552       3648
1493876935     511584       3648
1493876936     511476       3648
1493876937     511460       3648
1493876938     511600       3648
1493876939     511592       3648
1493876940     511264       3648
1493876941     511592       3648
1493876942     511476       3648
1493876943     511640       3648
1493876944     511804       3648
1493876945     511928       3648
1493876946     511912       3648
1493876947     511800       3648
1493876948     511600       3648
1493876949     511600       3648
1493876950     511764       3648
1493876951     511900       3648
1493876952     511568       3648
1493876953     511760       3648
1493876954     511604       3648
1493876955     511636       3648
1493876956     511620       3648
1493876957     511140       3648
1493876958     511524       3648
1493876959     511732       3648
1493876960     511832       3648
1493876961     511460       3648
1493876962     511916       3648
1493876963     511816       3648
1493876964     512124       3648
1493876965     512028       3648
1493876966     511660       3648
1493876967     511516       3648
1493876968     511264       3648
1493876969     512088       3648
1493876970     511960       3648
1493876971     511800       3648
1493876972     511496       3648
1493876973     511824       3648
1493876974     512276       3648
1493876975     512104       3648
1493876976     511924       3648
1493876977     512016       3648
1493876978     511468       3648
1493876979     511720       3648
1493876980     511644       3648
1493876981     511316       3648
1493876982     511748       3648
1493876983     511912       3648
1493876984     511952       3648
1493876985     512040       3648
1493876986     512104       3648
1493876987     511840       3648
1493876988     511664       3648
1493876989     512260       3648
1493876990     511460       3648
1493876991     511540       3648
1493876992     512360       3648
1493876993     511784       3648
1493876994     511784       3648
1493876995     511292       3648
1493876996     511696       3648
1493876997     511692       3648
1493876998     512016       3648
1493876999     511576       3648
1493877000     511468       3648
1493877001     511388       3648
1493877002     511776       3648
1493877003     511800       3648
1493877004     512024       3648
1493877005     511852       3648
1493877006     511608       3648
1493877007     511924       3648
1493877008     512108       3648
1493877010     512044       3648
1493877011     511776       3648
1493877012     511492       3648
1493877013     511532       3648
1493877014     511308       3648
1493877015     511652       3648
1493877016     512144       3648
1493877017     511732       3648
1493877018     511640       3648
1493877019     511484       3648
1493877020     511388       3648
1493877021     511756       3648
1493877022     511824       3648
1493877023     511680       3648
1493877024     511440       3648
1493877025     511820       3648
1493877026     512016       3648
1493877027     512032       3648
1493877028     512352       3648
1493877029     512104       3648
1493877030     511632       3648
1493877031     511772       3648
1493877032     511888       3648
1493877033     511600       3648
1493877034     512292       3648
1493877035     512016       3648
1493877036     511924       3648
1493877037     511840       3648
1493877038     511588       3648
1493877039     511196       3648
1493877040     511636       3648
1493877041     511872       3648
1493877042     511620       3648
1493877043     512176       3648
1493877044     511832       3648
1493877045     512264       3648
1493877046     512228       3648
1493877047     511920       3648
1493877048     511988       3648
1493877049     511784       3648
1493877050     512656       3648
1493877051     511704       3648
1493877052     511996       3648
1493877053     511960       3648
1493877054     511948       3648
1493877055     512148       3648
1493877056     511908       3648
1493877057     511764       3648
1493877058     512204       3648
1493877059     511800       3648
1493877060     511800       3648
1493877061     511676       3648
1493877062     512352       3648
1493877063     512084       3648
1493877064     511900       3648
1493877065     511664       3648
1493877066     511660       3648
1493877067     512060       3648
1493877068     511608       3648
1493877069     511532       3648
1493877070     511852       3648
1493877071     512164       3648
1493877072     512440       3648
1493877073     511896       3648
1493877074     511632       3648
1493877075     512300       3648
1493877076     512192       3648
1493877077     511696       3648
1493877078     511548       3648
1493877079     512040       3648
1493877080     511652       3648
1493877081     511432       3648
1493877082     511592       3648
1493877083     510840       3648
1493877084     513236       3648
1493877085     514032       3648
1493877086     513956       3648
1493877087     513908       3648
1493877088     513552       3648
1493877089     514156       3648
1493877090     513620       3648
1493877091     514044       3648
1493877092     514064       3648
1493877093     513960       3648
1493877094     513904       3648
1493877095     514100       3648
1493877096     513864       3648
1493877097     513764       3648
1493877098     513644       3648
1493877099     513856       3648
1493877100     514068       3648
1493877101     514316       3648
1493877102     514072       3648
1493877103     513784       3648
1493877104     514280       3648
1493877105     513644       3648
1493877106     513816       3648
1493877107     514356       3648
1493877108     514024       3648
1493877109     514132       3648
1493877110     514496       3648
1493877111     513888       3648
1493877112     514136       3648
1493877113     514536       3648
1493877114     514116       3648
1493877115     513760       3648
1493877116     514224       3648
1493877117     514068       3648
1493877118     514180       3648
1493877119     514264       3648
1493877120     513920       3648
1493877121     514288       3648
1493877122     514292       3648
1493877123     513864       3648
1493877124     513600       3648
1493877125     513600       3648
1493877126     513552       3648
1493877127     513708       3648
1493877128     513648       3648
1493877129     513984       3648
1493877130     513736       3648
1493877131     513808       3648
1493877132     514252       3648
1493877133     514080       3648
1493877135     514500       3648
1493877136     514236       3648
1493877137     514092       3648
1493877138     514128       3648
1493877139     513804       3648
1493877140     513944       3648
1493877141     513820       3648
1493877142     513696       3648
1493877143     514060       3648
1493877144     514184       3648
1493877145     513600       3648
1493877146     514084       3648
1493877147     513784       3648
1493877148     513824       3648
1493877149     514228       3648
1493877150     514232       3648
1493877151     513868       3648
1493877152     514328       3648
1493877153     513824       3648
1493877154     513656       3648
1493877155     513976       3648
1493877156     514028       3648
1493877157     514216       3648
1493877158     514524       3648
1493877159     514160       3648
1493877160     513928       3648
1493877161     514356       3648
1493877162     514008       3648
1493877163     514144       3648
1493877164     514528       3648
1493877165     513680       3648
1493877166     514344       3648
1493877167     514164       3648
1493877168     514472       3648
1493877169     514192       3648
1493877170     513788       3648
1493877171     513956       3648
1493877172     514332       3648
1493877173     513988       3648
1493877174     514112       3648
1493877175     514304       3648
1493877176     514716       3648
1493877177     514584       3648
1493877178     514296       3648
1493877179     514372       3648
1493877180     514156       3648
1493877181     513896       3648
1493877182     514384       3648
1493877183     514028       3648
1493877184     513944       3648
1493877185     514056       3648
1493877186     514072       3648
1493877187     514352       3648
1493877188     514048       3648
1493877189     513916       3648
1493877190     514088       3648
1493877191     513896       3648
1493877192     514040       3648
1493877193     514556       3648
1493877194     514188       3648
1493877195     514236       3648
1493877196     514196       3648
1493877197     514484       3648
1493877198     514332       3648
1493877199     514376       3648
1493877200     514232       3648
1493877201     514076       3648
1493877202     514096       3648
1493877203     513748       3648
1493877204     514360       3648
1493877205     514244       3648
1493877206     514168       3648
1493877207     514492       3648
1493877208     514368       3648
1493877209     514092       3648
1493877210     514580       3648
1493877211     514372       3648
1493877212     514076       3648
1493877213     514184       3648
1493877214     514148       3648
1493877215     513680       3648
1493877216     513964       3648
1493877217     513696       3648
1493877218     513920       3648
1493877219     513640       3648
1493877220     514008       3648
1493877221     514100       3648
1493877222     513784       3648
1493877223     514528       3648
1493877224     514372       3648
1493877225     513684       3648
1493877226     513568       3648
1493877227     514072       3648
1493877228     513448       3648
1493877229     513660       3648
1493877230     514028       3648
1493877231     514148       3648
1493877232     514180       3648
1493877233     513876       3648
1493877234     514228       3648
1493877235     514700       3648
1493877236     514184       3648
1493877237     513984       3648
1493877238     514208       3648
1493877239     513924       3648
1493877240     513900       3648
1493877241     514932       3648
1493877242     514528       3648
1493877243     514048       3648
1493877244     514076       3648
1493877245     514088       3648
1493877246     514184       3648
1493877247     514680       3648
1493877248     514184       3648
1493877249     514232       3648
1493877250     514060       3648
1493877251     513992       3648
1493877252     514408       3648
1493877253     514108       3648
1493877254     514320       3648
1493877255     514184       3648
1493877256     514072       3648
1493877257     514324       3648
1493877258     514220       3648
1493877259     514176       3648
1493877260     513840       3648
1493877262     514316       3648
1493877263     514276       3648
1493877264     514644       3648
1493877265     514472       3648
1493877266     513928       3648
1493877267     513932       3648
1493877268     514288       3648
1493877269     513700       3648
1493877270     514348       3648
1493877271     514500       3648
1493877272     514852       3648
1493877273     514400       3648
1493877274     513996       3648
1493877275     513864       3648
1493877276     514064       3648
1493877277     514508       3648
1493877278     514172       3648
1493877279     513772       3648
1493877280     513628       3648
1493877281     514132       3648
1493877282     514316       3648
1493877283     514084       3648
1493877284     514376       3648
1493877285     514376       3648
1493877286     514608       3648
1493877287     514396       3648
1493877288     514020       3648
1493877289     513924       3648
1493877290     514172       3648
1493877291     514376       3648
1493877292     514324       3648
1493877293     514592       3648
1493877294     514128       3648
1493877295     514136       3648
1493877296     514268       3648
1493877297     514312       3648
1493877298     514276       3648
1493877299     514148       3648
1493877300     514004       3648
1493877301     514328       3648
1493877302     514488       3648
1493877303     514480       3648
1493877304     514516       3648
1493877305     514288       3648
1493877306     514100       3648
1493877307     514020       3648
1493877308     513760       3648
1493877309     513644       3648
1493877310     513768       3648
1493877311     514268       3648
1493877312     514096       3648
1493877313     514580       3648
1493877314     514284       3648
1493877315     513692       3648
1493877316     513736       3648
1493877317     513928       3648
1493877318     513996       3648
1493877319     513320       3648
1493877320     513632       3648
1493877321     514004       3648
1493877322     514232       3648
1493877323     514120       3648
1493877324     514096       3648
1493877325     513808       3648
1493877326     513372       3648
1493877327     513512       3648
1493877328     513572       3648
1493877329     514208       3648
1493877330     514144       3648
1493877331     513896       3648
1493877332     514088       3648
1493877333     514052       3648
1493877334     514212       3648
1493877335     514676       3648
1493877336     514080       3648
1493877337     513920       3648
1493877338     514288       3648
1493877339     514208       3648
1493877340     514472       3648
1493877341     514304       3648
1493877342     513568       3648
1493877343     513784       3648
1493877344     514188       3648
1493877345     514360       3648
1493877346     513836       3648
1493877347     513728       3648
1493877348     513492       3648
1493877349     513740       3648
1493877350     514084       3648
1493877351     513956       3648
1493877352     514156       3648
1493877353     513812       3648
1493877354     513656       3648
1493877355     513844       3648
1493877356     513740       3648
1493877357     514420       3648
1493877358     513832       3648
1493877359     513420       3648
1493877360     513960       3648
1493877361     513816       3648
1493877362     514252       3648
1493877363     514172       3648
1493877364     514036       3648
1493877365     514072       3648
1493877366     513976       3648
1493877367     514312       3648
1493877368     513732       3648
1493877369     514140       3648
1493877370     514080       3648
1493877371     514000       3648
1493877372     514136       3648
1493877373     513884       3648
1493877374     513976       3648
1493877375     513956       3648
1493877376     513732       3648
1493877377     513792       3648
1493877378     513548       3648
1493877379     513584       3648
1493877380     513968       3648
1493877381     514016       3648
1493877382     514076       3648
1493877383     514308       3648
1493877384     514292       3648
1493877385     514200       3648
1493877386     513640       3648
1493877388     513808       3648
1493877389     514260       3648
1493877390     514544       3648
1493877391     514984       3648
1493877392     514508       3648
1493877393     514044       3648
1493877394     514112       3648
1493877395     513896       3648
1493877396     514068       3648
1493877397     514776       3648
1493877398     514668       3648
1493877399     514652       3648
1493877400     514016       3648
1493877401     513360       3648
1493877402     513484       3648
1493877403     513956       3648
1493877404     513964       3648
1493877405     513856       3648
1493877406     513740       3648
1493877407     513956       3648
1493877408     513668       3648
1493877409     513800       3648
1493877410     513956       3648
1493877411     513700       3648
1493877412     513816       3648
1493877413     513764       3648
1493877414     513408       3648
1493877415     513580       3648
1493877416     511688       3648
1493877417     511540       3648
1493877418     511920       3648
1493877419     511688       3648
1493877420     511744       3648
1493877421     511700       3648
1493877422     511916       3648
1493877423     511712       3648
1493877424     511732       3648
1493877425     511872       3648
1493877426     511736       3648
1493877427     512104       3648
1493877428     511972       3648
1493877429     511872       3648
1493877430     511712       3648
1493877431     511728       3648
1493877432     511712       3648
1493877433     511836       3648
1493877434     511876       3648
1493877435     511676       3648
1493877436     511848       3648
1493877437     511724       3648
1493877438     511880       3648
1493877439     511748       3648
1493877440     511980       3648
1493877441     511984       3648
1493877442     511832       3648
1493877443     511652       3648
1493877444     511592       3648
1493877445     511964       3648
1493877446     511700       3648
1493877447     511600       3648
1493877448     511708       3648
1493877449     511408       3648
1493877450     512356       3648
1493877451     512032       3648
1493877452     511668       3648
1493877453     512196       3648
1493877454     511608       3648
1493877455     512096       3648
1493877456     512204       3648
1493877457     512316       3648
1493877458     512140       3648
1493877459     511704       3648
1493877460     512304       3648
1493877461     512116       3648
1493877462     512536       3648
1493877463     511620       3648
1493877464     512516       3648
1493877465     511780       3648
1493877466     512184       3648
1493877467     511928       3648
1493877468     511952       3648
1493877469     511476       3648
1493877470     511700       3648
1493877471     512016       3648
1493877472     512144       3648
1493877473     511784       3648
1493877474     513980       3648
1493877475     513480       3648
1493877476     514136       3648
1493877477     513576       3648
1493877478     513608       3648
1493877479     513912       3648
1493877480     514240       3648
1493877481     514488       3648
1493877482     514160       3648
1493877483     514284       3648
1493877484     514008       3648
1493877485     514148       3648
1493877486     513940       3648
1493877487     514248       3648
1493877488     514108       3648
1493877489     514368       3648
1493877490     514196       3648
1493877491     513952       3648
1493877492     514368       3648
1493877493     513900       3648
1493877494     514240       3648
1493877495     514028       3648
1493877496     513772       3648
1493877497     514280       3648
1493877498     513516       3648
1493877499     513560       3648
1493877500     514028       3648
1493877501     514284       3648
1493877502     514440       3648
1493877503     514456       3648
1493877504     514500       3648
1493877505     514380       3648
1493877506     513992       3648
1493877507     514504       3648
1493877508     513884       3648
1493877510     514868       3648
1493877511     514416       3648
1493877512     514168       3648
1493877513     513852       3648
1493877514     513852       3648
1493877515     514336       3648
1493877516     514240       3648
1493877517     513932       3648
1493877518     514172       3648
1493877519     513940       3648
1493877520     513320       3648
1493877521     514284       3648
1493877522     514224       3648
1493877523     514212       3648
1493877524     513872       3648
1493877525     513832       3648
1493877526     513956       3648
1493877527     514160       3648
1493877528     514096       3648
1493877529     514196       3648
1493877530     514128       3648
1493877531     514212       3648
1493877532     513812       3648
1493877533     513980       3648
1493877534     513952       3648
1493877535     514304       3648
1493877536     513992       3648
1493877537     514188       3648
1493877538     514344       3648
1493877539     514036       3648
1493877540     513900       3648
1493877541     514100       3648
1493877542     514284       3648
1493877543     514124       3648
1493877544     514020       3648
1493877545     513912       3648
1493877546     514252       3648
1493877547     514500       3648
1493877548     514308       3648
1493877549     514388       3648
1493877550     514024       3648
1493877551     514116       3648
1493877552     514236       3648
1493877553     514200       3648
1493877554     514504       3648
1493877555     514488       3648
1493877556     514632       3648
1493877557     513976       3648
1493877558     513624       3648
1493877559     514112       3648
1493877560     514080       3648
1493877561     513612       3648
1493877562     514248       3648
1493877563     514048       3648
1493877564     514292       3648
1493877565     514168       3648
1493877566     514324       3648
1493877567     514464       3648
1493877568     514368       3648
1493877569     514356       3648
1493877570     514240       3648
1493877571     514252       3648
1493877572     513888       3648
1493877573     513916       3648
1493877574     514408       3648
1493877575     514796       3648
1493877576     514268       3648
1493877577     514504       3648
1493877578     514180       3648
1493877579     514300       3648
1493877580     514132       3648
1493877581     514168       3648
1493877582     513868       3648
1493877583     514164       3648
1493877584     513904       3648
1493877585     514200       3648
1493877586     514236       3648
1493877587     514144       3648
1493877588     514320       3648
1493877589     514080       3648
1493877590     513416       3648
1493877591     513940       3648
1493877592     513468       3648
1493877593     513656       3648
1493877594     514032       3648
1493877595     514260       3648
1493877596     514248       3648
1493877597     514036       3648
1493877598     514268       3648
1493877599     514156       3648
1493877600     514320       3648
1493877601     514808       3648
1493877602     513776       3648
1493877603     514220       3648
1493877604     514596       3648
1493877605     514232       3648
1493877606     514048       3648
1493877607     514776       3648
1493877608     513936       3648
1493877609     514368       3648
1493877610     514340       3648
1493877611     514116       3648
1493877612     514640       3648
1493877613     514252       3648
1493877614     514384       3648
1493877615     514404       3648
1493877616     513864       3648
1493877617     514020       3648
1493877618     514120       3648
1493877619     513992       3648
1493877620     514076       3648
1493877621     513932       3648
1493877622     514384       3648
1493877623     514292       3648
1493877624     514152       3648
1493877625     514412       3648
1493877626     514300       3648
1493877627     513820       3648
1493877628     513468       3648
1493877629     513500       3648
1493877630     514268       3648
1493877631     514108       3648
1493877632     514312       3648
1493877633     514452       3648
1493877635     514296       3648
1493877636     513864       3648
1493877637     514100       3648
1493877638     513896       3648
1493877639     514012       3648
1493877640     514508       3648
1493877641     514352       3648
1493877642     513884       3648
1493877643     514208       3648
1493877644     514000       3648
1493877645     514240       3648
1493877646     514484       3648
1493877647     514260       3648
1493877648     514268       3648
1493877649     514028       3648
1493877650     514204       3648
1493877651     514312       3648
1493877652     514172       3648
1493877653     514208       3648
1493877654     514256       3648
1493877655     514052       3648
1493877656     514048       3648
1493877657     513968       3648
1493877658     514212       3648
1493877659     514464       3648
1493877660     514104       3648
1493877661     514272       3648
1493877662     513916       3648
1493877663     514644       3648
1493877664     514332       3648
1493877665     514212       3648
1493877666     514436       3648
1493877667     514592       3648
1493877668     514304       3648
1493877669     514344       3648
1493877670     514408       3648
1493877671     514384       3648
1493877672     514140       3648
1493877673     514232       3648
1493877674     513884       3648
1493877675     514132       3648
1493877676     514248       3648
1493877677     513948       3648
1493877678     514100       3648
1493877679     514400       3648
1493877680     513904       3648
1493877681     514212       3648
1493877682     513584       3648
1493877683     513444       3648
1493877684     514032       3648
1493877685     514400       3648
1493877686     513872       3648
1493877687     513636       3648
1493877688     514088       3648
1493877689     514100       3648
1493877690     514052       3648
1493877691     514332       3648
1493877692     514396       3648
1493877693     514256       3648
1493877694     514556       3648
1493877695     514520       3648
1493877696     514592       3648
1493877697     514188       3648
1493877698     513952       3648
1493877699     513944       3648
1493877700     514436       3648
1493877701     514416       3648
1493877702     514392       3648
1493877703     514644       3648
1493877704     514672       3648
1493877705     514648       3648
1493877706     514120       3648
1493877707     514296       3648
1493877708     514776       3648
1493877709     514384       3648
1493877710     514396       3648
1493877711     513812       3648
1493877712     514008       3648
1493877713     513956       3648
1493877714     514692       3648
1493877715     514652       3648
1493877716     514368       3648
1493877717     514508       3648
1493877718     514560       3648
1493877719     514592       3648
1493877720     514576       3648
1493877721     513908       3648
1493877722     514000       3648
1493877723     514328       3648
1493877724     514620       3648
1493877725     514324       3648
1493877726     514480       3648
1493877727     514172       3648
1493877728     514684       3648
1493877729     514044       3648
1493877730     514048       3648
1493877731     514200       3648
1493877732     514440       3648
1493877733     514344       3648
1493877734     514316       3648
1493877735     513880       3648
1493877736     513740       3648
1493877737     514084       3648
1493877738     513912       3648
1493877739     513940       3648
1493877740     513720       3648
1493877741     513996       3648
1493877742     513776       3648
1493877743     513960       3648
1493877744     513968       3648
1493877745     514168       3648
1493877746     513856       3648
1493877747     514200       3648
1493877748     514896       3648
1493877749     514808       3648
1493877750     514424       3648
1493877751     514388       3648
1493877752     514776       3648
1493877753     513892       3648
1493877754     514104       3648
1493877755     514876       3648
1493877756     514416       3648
1493877757     514308       3648
1493877758     513796       3648
1493877760     514140       3648
1493877761     514320       3648
1493877762     514072       3648
1493877763     514148       3648
1493877764     514468       3648
1493877765     514288       3648
1493877766     513628       3648
1493877767     513656       3648
1493877768     514188       3648
1493877769     514488       3648
1493877770     514468       3648
1493877771     514288       3648
1493877772     514460       3648
1493877773     514896       3648
1493877774     514412       3648
1493877775     514656       3648
1493877776     514132       3648
1493877777     514552       3648
1493877778     514508       3648
1493877779     514100       3648
1493877780     514136       3648
1493877781     513908       3648
1493877782     514336       3648
1493877783     514008       3648
1493877784     514380       3648
1493877785     514112       3648
1493877786     514212       3648
1493877787     514772       3648
1493877788     513892       3648
1493877789     514632       3648
1493877790     514364       3648
1493877791     514084       3648
1493877792     514476       3648
1493877793     514496       3648
1493877794     514028       3648
1493877795     514052       3648
1493877796     514872       3648
1493877797     514692       3648
1493877798     514348       3648
1493877799     514096       3648
1493877800     514416       3648
1493877801     514604       3648
1493877802     514160       3648
1493877803     514220       3648
1493877804     513944       3648
1493877805     514392       3648
1493877806     514324       3648
1493877807     514084       3648
1493877808     514020       3648
1493877809     514376       3648
1493877810     514200       3648
1493877811     514284       3648
1493877812     514316       3648
1493877813     514100       3648
1493877814     513944       3648
1493877815     514364       3648
1493877816     514408       3648
1493877817     514764       3648
1493877818     514228       3648
1493877819     514028       3648
1493877820     514152       3648
1493877821     514640       3648
1493877822     515128       3648
1493877823     514764       3648
1493877824     514944       3648
1493877825     515052       3648
1493877826     514380       3648
1493877827     514800       3648
1493877828     514156       3648
1493877829     514168       3648
1493877830     514180       3648
1493877831     514040       3648
1493877832     513840       3648
1493877833     514660       3648
1493877834     514220       3648
1493877835     514600       3648
1493877836     514448       3648
1493877837     514620       3648
1493877838     514300       3648
1493877839     514544       3648
1493877840     513964       3648
1493877841     514196       3648
1493877842     514384       3648
1493877843     514324       3648
1493877844     514084       3648
1493877845     513716       3648
1493877846     513760       3648
1493877847     514116       3648
1493877848     513860       3648
1493877849     514108       3648
1493877850     514448       3648
1493877851     514588       3648
1493877852     514724       3648
1493877853     514528       3648
1493877854     514068       3648
1493877855     514176       3648
1493877856     514208       3648
1493877857     513980       3648
1493877858     514508       3648
1493877859     514876       3648
1493877860     514300       3648
1493877861     514168       3648
1493877862     514348       3648
1493877863     514132       3648
1493877864     514344       3648
1493877865     514468       3648
1493877866     514532       3648
1493877867     514668       3648
1493877868     514500       3648
1493877869     514376       3648
1493877870     514716       3648
1493877871     514160       3648
1493877872     514656       3648
1493877873     514176       3648
1493877874     514188       3648
1493877875     513588       3648
1493877876     514108       3648
1493877877     514168       3648
1493877878     513676       3648
1493877880     513948       3648
1493877881     513948       3648
1493877882     514164       3648
1493877883     513780       3648
1493877884     513704       3648
1493877885     513960       3648
1493877886     514128       3648
1493877887     514156       3648
1493877888     514012       3648
1493877889     514184       3648
1493877890     514168       3648
1493877891     514100       3648
1493877892     514360       3648
1493877893     514088       3648
1493877894     513700       3648
1493877895     514304       3648
1493877896     514320       3648
1493877897     513896       3648
1493877898     513872       3648
1493877899     514104       3648
1493877900     514368       3648
1493877901     513884       3648
1493877902     514364       3648
1493877903     514924       3648
1493877904     513768       3648
1493877905     514340       3648
1493877906     514400       3648
1493877907     514144       3648
1493877908     514404       3648
1493877909     514496       3648
1493877910     513924       3648
1493877911     514036       3648
1493877912     514000       3648
1493877913     513720       3648
1493877914     513620       3648
1493877915     513588       3648
1493877916     513932       3648
1493877917     513960       3648
1493877918     513752       3648
1493877919     514140       3648
1493877920     513776       3648
1493877921     514024       3648
1493877922     513956       3648
1493877923     513940       3648
1493877924     513668       3648
1493877925     513796       3648
1493877926     513748       3648
1493877927     513980       3648
1493877928     513808       3648
1493877929     513628       3648
1493877930     513956       3648
1493877931     513800       3648
1493877932     513692       3648
1493877933     513724       3648
1493877934     513616       3648
1493877935     513548       3648
1493877936     513736       3648
1493877937     513848       3648
1493877938     513600       3648
1493877939     513552       3648
1493877940     513824       3648
1493877941     514332       3648
1493877942     513924       3648
1493877943     514156       3648
1493877944     514560       3648
1493877945     514520       3648
1493877946     514464       3648
1493877947     514820       3648
1493877948     514584       3648
1493877949     514192       3648
1493877950     514252       3648
1493877951     514424       3648
1493877952     514384       3648
1493877953     514512       3648
1493877954     514368       3648
1493877955     514788       3648
1493877956     513980       3648
1493877957     514404       3648
1493877958     513996       3648
1493877959     513844       3648
1493877960     514576       3648
1493877961     514452       3648
1493877962     514184       3648
1493877963     513976       3648
1493877964     513696       3648
1493877965     513952       3648
1493877966     514160       3648
1493877967     514372       3648
1493877968     514044       3648
1493877969     514036       3648
1493877970     514432       3648
1493877971     513720       3648
1493877972     514124       3648
1493877973     514076       3648
1493877974     514184       3648
1493877975     514044       3648
1493877976     514172       3648
1493877977     514236       3648
1493877978     514296       3648
1493877979     514340       3648
1493877980     514500       3648
1493877981     514348       3648
1493877982     514164       3648
1493877983     514040       3648
1493877984     514580       3648
1493877985     514176       3648
1493877986     513860       3648
1493877987     513904       3648
1493877988     513584       3648
1493877989     514420       3648
1493877990     514032       3648
1493877991     513772       3648
1493877992     513500       3648
1493877993     513756       3648
1493877994     513600       3648
1493877995     513804       3648
1493877996     514208       3648
1493877997     514452       3648
1493877999     514000       3648
1493878000     514248       3648
1493878001     514336       3648
1493878002     514284       3648
1493878003     514140       3648
1493878004     513844       3648
1493878005     514248       3648
1493878006     514448       3648
1493878007     513992       3648
1493878008     514032       3648
1493878009     514092       3648
1493878010     514436       3648
1493878011     514152       3648
1493878012     514008       3648
1493878013     514552       3648
1493878014     513628       3648
1493878015     513596       3648
1493878016     511656       3648
1493878017     511676       3648
1493878018     511612       3648
1493878019     511924       3648
1493878020     511660       3648
1493878021     511372       3648
1493878022     511892       3648
1493878023     511760       3648
1493878024     511620       3648
1493878025     511712       3648
1493878026     511508       3648
1493878027     512132       3648
1493878028     511940       3648
1493878029     511884       3648
1493878030     512340       3648
1493878031     512152       3648
1493878032     512332       3648
1493878033     511952       3648
1493878034     512220       3648
1493878035     512032       3648
1493878036     511700       3648
1493878037     512096       3648
1493878038     512096       3648
1493878039     511944       3648
1493878040     512136       3648
1493878041     511896       3648
1493878042     511944       3648
1493878043     512296       3648
1493878044     512080       3648
1493878045     511888       3648
1493878046     511672       3648
1493878047     511936       3648
1493878048     512296       3648
1493878049     512300       3648
1493878050     512152       3648
1493878051     512180       3648
1493878052     512524       3648
1493878053     512444       3648
1493878054     512412       3648
1493878055     512336       3648
1493878056     511776       3648
1493878057     512136       3648
1493878058     512092       3648
1493878059     511912       3648
1493878060     511960       3648
1493878061     512172       3648
1493878062     512016       3648
1493878063     511972       3648
1493878064     511600       3648
1493878065     511708       3648
1493878066     511836       3648
1493878067     511476       3648
1493878068     511832       3648
1493878069     511792       3648
1493878070     511948       3648
1493878071     511696       3648
1493878072     511936       3648
1493878073     512192       3648
1493878074     511936       3648
1493878075     511592       3648
1493878076     511672       3648
1493878077     512144       3648
1493878078     511768       3648
1493878079     511752       3648
1493878066     511664       3648
1493878067     511804       3648
1493878068     511864       3648
1493878069     512008       3648
1493878070     511700       3648
1493878071     511960       3648
1493878072     512276       3648
1493878073     511976       3648
1493878074     512028       3648
1493878075     511700       3648
1493878076     511672       3648
1493878077     511924       3648
1493878078     512296       3648
1493878079     511412       3648
