Convergence study

ns=80 x na=80
Set kelp
Calculate pk
Gen matrix
ind1 = 1/80: 0.0%
ind1 = 2/80: 1.2%
ind1 = 3/80: 2.5%
ind1 = 4/80: 3.8%
ind1 = 5/80: 5.0%
ind1 = 6/80: 6.2%
ind1 = 7/80: 7.5%
ind1 = 8/80: 8.8%
ind1 = 9/80: 10.0%
ind1 = 10/80: 11.2%
ind1 = 11/80: 12.5%
ind1 = 12/80: 13.8%
ind1 = 13/80: 15.0%
ind1 = 14/80: 16.2%
ind1 = 15/80: 17.5%
ind1 = 16/80: 18.8%
ind1 = 17/80: 20.0%
ind1 = 18/80: 21.2%
ind1 = 19/80: 22.5%
ind1 = 20/80: 23.8%
ind1 = 21/80: 25.0%
ind1 = 22/80: 26.2%
ind1 = 23/80: 27.5%
ind1 = 24/80: 28.7%
ind1 = 25/80: 30.0%
ind1 = 26/80: 31.2%
ind1 = 27/80: 32.5%
ind1 = 28/80: 33.8%
ind1 = 29/80: 35.0%
ind1 = 30/80: 36.2%
ind1 = 31/80: 37.5%
ind1 = 32/80: 38.8%
ind1 = 33/80: 40.0%
ind1 = 34/80: 41.2%
ind1 = 35/80: 42.5%
ind1 = 36/80: 43.8%
ind1 = 37/80: 45.0%
ind1 = 38/80: 46.2%
ind1 = 39/80: 47.5%
ind1 = 40/80: 48.8%
ind1 = 41/80: 50.0%
ind1 = 42/80: 51.2%
ind1 = 43/80: 52.5%
ind1 = 44/80: 53.8%
ind1 = 45/80: 55.0%
ind1 = 46/80: 56.2%
ind1 = 47/80: 57.5%
ind1 = 48/80: 58.8%
ind1 = 49/80: 60.0%
ind1 = 50/80: 61.3%
ind1 = 51/80: 62.5%
ind1 = 52/80: 63.7%
ind1 = 53/80: 65.0%
ind1 = 54/80: 66.2%
ind1 = 55/80: 67.5%
ind1 = 56/80: 68.8%
ind1 = 57/80: 70.0%
ind1 = 58/80: 71.2%
ind1 = 59/80: 72.5%
ind1 = 60/80: 73.8%
ind1 = 61/80: 75.0%
ind1 = 62/80: 76.2%
ind1 = 63/80: 77.5%
ind1 = 64/80: 78.8%
ind1 = 65/80: 80.0%
ind1 = 66/80: 81.2%
ind1 = 67/80: 82.5%
ind1 = 68/80: 83.8%
ind1 = 69/80: 85.0%
ind1 = 70/80: 86.2%
ind1 = 71/80: 87.5%
ind1 = 72/80: 88.8%
ind1 = 73/80: 90.0%
ind1 = 74/80: 91.2%
ind1 = 75/80: 92.5%
ind1 = 76/80: 93.8%
ind1 = 77/80: 95.0%
ind1 = 78/80: 96.2%
ind1 = 79/80: 97.5%
ind1 = 80/80: 98.8%
Solve system
Can't expand MemType 0: jcol 28740
